[    9882ms] [ERROR] Failed to load resource: the server responded with a status of 500 () @ http://localhost:5173/product/522122071190.data?site=taobao&apiVersion=v18&apiProvider=datahub:0
[   76156ms] [ERROR] Failed to load resource: the server responded with a status of 500 () @ http://localhost:5173/product/522122071190?site=taobao&apiVersion=v18&apiProvider=datahub:0
[  108440ms] [ERROR] Failed to load resource: the server responded with a status of 500 () @ http://localhost:5173/product/522122071190.data?site=taobao&apiVersion=v18&apiProvider=datahub:0
[  146249ms] [ERROR] Failed to load resource: the server responded with a status of 500 () @ http://localhost:5173/product/522122071190.data?site=taobao&apiVersion=v18&apiProvider=datahub:0
[  644641ms] [ERROR] Failed to load resource: the server responded with a status of 500 () @ http://localhost:5173/product/522122071190.data?site=taobao&apiVersion=v18&apiProvider=datahub:0
[  653418ms] [ERROR] Failed to load resource: the server responded with a status of 500 () @ http://localhost:5173/product/522122071190.data?site=taobao&apiVersion=v18&apiProvider=datahub:0
[  733079ms] [ERROR] Failed to load resource: the server responded with a status of 500 () @ http://localhost:5173/product/522122071190?site=taobao&apiVersion=v18&apiProvider=datahub:0
[  742775ms] [ERROR] Failed to load resource: the server responded with a status of 500 () @ http://localhost:5173/product/522122071190?site=taobao&apiVersion=v18&apiProvider=datahub:0
[ 1119807ms] [ERROR] Failed to load resource: the server responded with a status of 500 () @ http://localhost:5173/product/522122071190.data?site=taobao&apiVersion=v18&apiProvider=datahub:0
[ 1136680ms] [ERROR] Failed to load resource: the server responded with a status of 500 () @ http://localhost:5173/product/522122071190.data?site=taobao&apiVersion=v18&apiProvider=datahub:0
[ 1265291ms] [ERROR] Failed to load resource: the server responded with a status of 500 () @ http://localhost:5173/product/522122071190?site=taobao&apiVersion=v18&apiProvider=datahub:0
[ 1309516ms] [ERROR] Failed to load resource: the server responded with a status of 500 () @ http://localhost:5173/product/522122071190.data?site=taobao&apiVersion=v18&apiProvider=datahub:0
[ 2333099ms] [ERROR] Failed to load resource: the server responded with a status of 500 () @ http://localhost:5173/product/522122071190?site=taobao&apiVersion=v18&apiProvider=datahub:0
[ 2339595ms] [ERROR] Failed to load resource: the server responded with a status of 500 () @ http://localhost:5173/product/954210457501.data?site=taobao&apiVersion=v18&apiProvider=datahub:0
[ 2343692ms] [ERROR] Failed to load resource: the server responded with a status of 500 () @ http://localhost:5173/product/1006104945509.data?site=taobao&apiVersion=v18&apiProvider=datahub:0
[ 3828436ms] [ERROR] Failed to load resource: the server responded with a status of 500 (Internal Server Error) @ http://localhost:5173/app/routes/product.$id.tsx?t=1772161856211:0
[ 3828436ms] [ERROR] [vite] Failed to reload /app/routes/product.$id.tsx. This could be due to syntax errors or importing non-existent modules. (see errors above) @ http://localhost:5173/@vite/client:808
[ 3828449ms] [ERROR] Failed to load resource: the server responded with a status of 500 (Internal Server Error) @ http://localhost:5173/app/routes/product.$id.tsx?t=1772161856212:0
[ 3828449ms] [ERROR] [vite] Failed to reload /app/routes/product.$id.tsx. This could be due to syntax errors or importing non-existent modules. (see errors above) @ http://localhost:5173/@vite/client:808
[ 3828461ms] [ERROR] Failed to load resource: the server responded with a status of 500 (Internal Server Error) @ http://localhost:5173/app/routes/product.$id.tsx?t=1772161856210:0
[ 3828462ms] [ERROR] [vite] Failed to reload /app/routes/product.$id.tsx. This could be due to syntax errors or importing non-existent modules. (see errors above) @ http://localhost:5173/@vite/client:808
[ 5083235ms] [ERROR] Failed to load resource: the server responded with a status of 500 (Internal Server Error) @ http://localhost:5173/app/routes/product.$id.tsx?t=1772163111010:0
[ 5083235ms] [ERROR] [vite] Failed to reload /app/routes/product.$id.tsx. This could be due to syntax errors or importing non-existent modules. (see errors above) @ http://localhost:5173/@vite/client:808
[ 5083248ms] [ERROR] Failed to load resource: the server responded with a status of 500 (Internal Server Error) @ http://localhost:5173/app/routes/product.$id.tsx?t=1772163111011:0
[ 5083249ms] [ERROR] [vite] Failed to reload /app/routes/product.$id.tsx. This could be due to syntax errors or importing non-existent modules. (see errors above) @ http://localhost:5173/@vite/client:808
[ 5083263ms] [ERROR] Failed to load resource: the server responded with a status of 500 (Internal Server Error) @ http://localhost:5173/app/routes/product.$id.tsx?t=1772163111009:0
[ 5083264ms] [ERROR] [vite] Failed to reload /app/routes/product.$id.tsx. This could be due to syntax errors or importing non-existent modules. (see errors above) @ http://localhost:5173/@vite/client:808
